<?xml version="1.0" encoding="UTF-8"?>
<!-- Generated by org.testng.reporters.JUnitReportReporter -->
<testsuite skipped="0" hostname="ojt31-PC" name="DriverFactory.AppTest" tests="1" failures="0" timestamp="17 May 2019 03:40:12 GMT" time="17.701" errors="0">
  <testcase name="KickStart" time="17.701" classname="DriverFactory.AppTest"/>
</testsuite> <!-- DriverFactory.AppTest -->
